parcor-full/inter-anno-PT/002_792.mmax > conll/inter-anno-PT/002_792.conll
parcor-full/inter-anno-PT/003_799.mmax > conll/inter-anno-PT/003_799.conll
  warning: no sentence id in {'id': 'word_2825', 'word': 'salvo'}
  warning: no sentence id in {'id': 'word_2864', 'word': '.'}
parcor-full/damaged/TED/EN/009_805.mmax > conll/damaged/TED/EN/009_805.conll
  warning: markable file parcor-full/damaged/TED/EN/Markables/009_805_checks_level.xml declared but not found
parcor-full/damaged/TED/DE/009_805.mmax > conll/damaged/TED/DE/009_805.conll
  warning: markable file parcor-full/damaged/TED/DE/Markables/009_805_checks_level.xml declared but not found
parcor-full/corpus/news/EN/10.mmax > conll/corpus/news/EN/10.conll
parcor-full/corpus/news/EN/23.mmax > conll/corpus/news/EN/23.conll
parcor-full/corpus/news/EN/21.mmax > conll/corpus/news/EN/21.conll
parcor-full/corpus/news/EN/18.mmax > conll/corpus/news/EN/18.conll
parcor-full/corpus/news/EN/17.mmax > conll/corpus/news/EN/17.conll
parcor-full/corpus/news/EN/09.mmax > conll/corpus/news/EN/09.conll
parcor-full/corpus/news/EN/13.mmax > conll/corpus/news/EN/13.conll
parcor-full/corpus/news/EN/04.mmax > conll/corpus/news/EN/04.conll
parcor-full/corpus/news/EN/24.mmax > conll/corpus/news/EN/24.conll
parcor-full/corpus/news/EN/19.mmax > conll/corpus/news/EN/19.conll
parcor-full/corpus/news/EN/22.mmax > conll/corpus/news/EN/22.conll
parcor-full/corpus/news/EN/05.mmax > conll/corpus/news/EN/05.conll
parcor-full/corpus/news/EN/20.mmax > conll/corpus/news/EN/20.conll
parcor-full/corpus/news/EN/08.mmax > conll/corpus/news/EN/08.conll
parcor-full/corpus/news/EN/16.mmax > conll/corpus/news/EN/16.conll
parcor-full/corpus/news/EN/07.mmax > conll/corpus/news/EN/07.conll
parcor-full/corpus/news/EN/25.mmax > conll/corpus/news/EN/25.conll
parcor-full/corpus/news/EN/03.mmax > conll/corpus/news/EN/03.conll
parcor-full/corpus/news/EN/01.mmax > conll/corpus/news/EN/01.conll
parcor-full/corpus/news/DE/10.mmax > conll/corpus/news/DE/10.conll
parcor-full/corpus/news/DE/23.mmax > conll/corpus/news/DE/23.conll
parcor-full/corpus/news/DE/21.mmax > conll/corpus/news/DE/21.conll
parcor-full/corpus/news/DE/18.mmax > conll/corpus/news/DE/18.conll
parcor-full/corpus/news/DE/17.mmax > conll/corpus/news/DE/17.conll
parcor-full/corpus/news/DE/09.mmax > conll/corpus/news/DE/09.conll
parcor-full/corpus/news/DE/13.mmax > conll/corpus/news/DE/13.conll
parcor-full/corpus/news/DE/04.mmax > conll/corpus/news/DE/04.conll
parcor-full/corpus/news/DE/24.mmax > conll/corpus/news/DE/24.conll
parcor-full/corpus/news/DE/19.mmax > conll/corpus/news/DE/19.conll
parcor-full/corpus/news/DE/22.mmax > conll/corpus/news/DE/22.conll
parcor-full/corpus/news/DE/05.mmax > conll/corpus/news/DE/05.conll
parcor-full/corpus/news/DE/20.mmax > conll/corpus/news/DE/20.conll
parcor-full/corpus/news/DE/08.mmax > conll/corpus/news/DE/08.conll
parcor-full/corpus/news/DE/16.mmax > conll/corpus/news/DE/16.conll
parcor-full/corpus/news/DE/07.mmax > conll/corpus/news/DE/07.conll
parcor-full/corpus/news/DE/25.mmax > conll/corpus/news/DE/25.conll
parcor-full/corpus/news/DE/03.mmax > conll/corpus/news/DE/03.conll
parcor-full/corpus/news/DE/01.mmax > conll/corpus/news/DE/01.conll
parcor-full/corpus/news/PT/10.mmax > conll/corpus/news/PT/10.conll
parcor-full/corpus/news/PT/23.mmax > conll/corpus/news/PT/23.conll
parcor-full/corpus/news/PT/21.mmax > conll/corpus/news/PT/21.conll
parcor-full/corpus/news/PT/17.mmax > conll/corpus/news/PT/17.conll
parcor-full/corpus/news/PT/09.mmax > conll/corpus/news/PT/09.conll
parcor-full/corpus/news/PT/13.mmax > conll/corpus/news/PT/13.conll
parcor-full/corpus/news/PT/24.mmax > conll/corpus/news/PT/24.conll
parcor-full/corpus/news/PT/19.mmax > conll/corpus/news/PT/19.conll
parcor-full/corpus/news/PT/22.mmax > conll/corpus/news/PT/22.conll
parcor-full/corpus/news/PT/20.mmax > conll/corpus/news/PT/20.conll
parcor-full/corpus/news/PT/08.mmax > conll/corpus/news/PT/08.conll
  warning: markable file parcor-full/corpus/news/PT/Markables/08_coref_level.xml declared but not found
  warning: missing word form for word_223
parcor-full/corpus/news/PT/07.mmax > conll/corpus/news/PT/07.conll
parcor-full/corpus/TED/EN/002_792.mmax > conll/corpus/TED/EN/002_792.conll
parcor-full/corpus/TED/EN/003_799.mmax > conll/corpus/TED/EN/003_799.conll
parcor-full/corpus/TED/EN/008_824.mmax > conll/corpus/TED/EN/008_824.conll
parcor-full/corpus/TED/EN/010_837.mmax > conll/corpus/TED/EN/010_837.conll
parcor-full/corpus/TED/EN/001_769.mmax > conll/corpus/TED/EN/001_769.conll
parcor-full/corpus/TED/EN/006_785.mmax > conll/corpus/TED/EN/006_785.conll
parcor-full/corpus/TED/EN/000_779.mmax > conll/corpus/TED/EN/000_779.conll
parcor-full/corpus/TED/EN/004_767.mmax > conll/corpus/TED/EN/004_767.conll
parcor-full/corpus/TED/EN/007_783.mmax > conll/corpus/TED/EN/007_783.conll
parcor-full/corpus/TED/EN/005_790.mmax > conll/corpus/TED/EN/005_790.conll
parcor-full/corpus/TED/FR/002_792.mmax > conll/corpus/TED/FR/002_792.conll
parcor-full/corpus/TED/FR/003_799.mmax > conll/corpus/TED/FR/003_799.conll
parcor-full/corpus/TED/FR/008_824.mmax > conll/corpus/TED/FR/008_824.conll
parcor-full/corpus/TED/FR/010_837.mmax > conll/corpus/TED/FR/010_837.conll
parcor-full/corpus/TED/FR/001_769.mmax > conll/corpus/TED/FR/001_769.conll
parcor-full/corpus/TED/FR/006_785.mmax > conll/corpus/TED/FR/006_785.conll
parcor-full/corpus/TED/FR/000_779.mmax > conll/corpus/TED/FR/000_779.conll
parcor-full/corpus/TED/FR/004_767.mmax > conll/corpus/TED/FR/004_767.conll
parcor-full/corpus/TED/FR/007_783.mmax > conll/corpus/TED/FR/007_783.conll
parcor-full/corpus/TED/FR/005_790.mmax > conll/corpus/TED/FR/005_790.conll
parcor-full/corpus/TED/DE/002_792.mmax > conll/corpus/TED/DE/002_792.conll
parcor-full/corpus/TED/DE/003_799.mmax > conll/corpus/TED/DE/003_799.conll
parcor-full/corpus/TED/DE/008_824.mmax > conll/corpus/TED/DE/008_824.conll
parcor-full/corpus/TED/DE/010_837.mmax > conll/corpus/TED/DE/010_837.conll
parcor-full/corpus/TED/DE/001_769.mmax > conll/corpus/TED/DE/001_769.conll
parcor-full/corpus/TED/DE/006_785.mmax > conll/corpus/TED/DE/006_785.conll
parcor-full/corpus/TED/DE/000_779.mmax > conll/corpus/TED/DE/000_779.conll
parcor-full/corpus/TED/DE/004_767.mmax > conll/corpus/TED/DE/004_767.conll
parcor-full/corpus/TED/DE/007_783.mmax > conll/corpus/TED/DE/007_783.conll
parcor-full/corpus/TED/DE/005_790.mmax > conll/corpus/TED/DE/005_790.conll
parcor-full/corpus/TED/PT/002_792.mmax > conll/corpus/TED/PT/002_792.conll
parcor-full/corpus/TED/PT/003_799.mmax > conll/corpus/TED/PT/003_799.conll
  warning: no sentence id in {'id': 'word_2825', 'word': 'salvo'}
  warning: no sentence id in {'id': 'word_2864', 'word': '.'}
parcor-full/corpus/TED/PT/008_824.mmax > conll/corpus/TED/PT/008_824.conll
  warning: no sentence id in {'id': 'word_1017', 'word': '.', 'coref_id': 'markable_322', 'coref_coref_class': 'set_39', 'coref_mention': 'clause', 'coref_clausetype': 'antecedent'}
parcor-full/corpus/TED/PT/010_837.mmax > conll/corpus/TED/PT/010_837.conll
  warning: file parcor-full/corpus/TED/PT/Basedata/010_837_words.xml declared but not found
  warning: markable file parcor-full/corpus/TED/PT/Markables/010_837_coref_level.xml declared but not found
parcor-full/corpus/TED/PT/001_769.mmax > conll/corpus/TED/PT/001_769.conll
  warning: no sentence id in {'id': 'word_492', 'word': '.'}
parcor-full/corpus/TED/PT/006_785.mmax > conll/corpus/TED/PT/006_785.conll
parcor-full/corpus/TED/PT/000_779.mmax > conll/corpus/TED/PT/000_779.conll
parcor-full/corpus/TED/PT/004_767.mmax > conll/corpus/TED/PT/004_767.conll
  warning: no sentence id in {'id': 'word_1227', 'word': '.'}
  warning: no sentence id in {'id': 'word_3656', 'word': '?'}
parcor-full/corpus/TED/PT/007_783.mmax > conll/corpus/TED/PT/007_783.conll
parcor-full/corpus/TED/PT/009_805.mmax > conll/corpus/TED/PT/009_805.conll
parcor-full/corpus/TED/PT/005_790.mmax > conll/corpus/TED/PT/005_790.conll
parcor-full/corpus/DiscoMT/EN/011_2053.mmax > conll/corpus/DiscoMT/EN/011_2053.conll
parcor-full/corpus/DiscoMT/EN/003_1894.mmax > conll/corpus/DiscoMT/EN/003_1894.conll
parcor-full/corpus/DiscoMT/EN/009_2043.mmax > conll/corpus/DiscoMT/EN/009_2043.conll
parcor-full/corpus/DiscoMT/EN/000_1756.mmax > conll/corpus/DiscoMT/EN/000_1756.conll
parcor-full/corpus/DiscoMT/EN/010_205.mmax > conll/corpus/DiscoMT/EN/010_205.conll
parcor-full/corpus/DiscoMT/EN/007_1953.mmax > conll/corpus/DiscoMT/EN/007_1953.conll
parcor-full/corpus/DiscoMT/EN/005_1938.mmax > conll/corpus/DiscoMT/EN/005_1938.conll
parcor-full/corpus/DiscoMT/EN/006_1950.mmax > conll/corpus/DiscoMT/EN/006_1950.conll
parcor-full/corpus/DiscoMT/EN/002_1825.mmax > conll/corpus/DiscoMT/EN/002_1825.conll
parcor-full/corpus/DiscoMT/EN/001_1819.mmax > conll/corpus/DiscoMT/EN/001_1819.conll
parcor-full/corpus/DiscoMT/FR/011_2053.mmax > conll/corpus/DiscoMT/FR/011_2053.conll
parcor-full/corpus/DiscoMT/FR/003_1894.mmax > conll/corpus/DiscoMT/FR/003_1894.conll
parcor-full/corpus/DiscoMT/FR/009_2043.mmax > conll/corpus/DiscoMT/FR/009_2043.conll
parcor-full/corpus/DiscoMT/FR/000_1756.mmax > conll/corpus/DiscoMT/FR/000_1756.conll
parcor-full/corpus/DiscoMT/FR/010_205.mmax > conll/corpus/DiscoMT/FR/010_205.conll
parcor-full/corpus/DiscoMT/FR/007_1953.mmax > conll/corpus/DiscoMT/FR/007_1953.conll
parcor-full/corpus/DiscoMT/FR/005_1938.mmax > conll/corpus/DiscoMT/FR/005_1938.conll
parcor-full/corpus/DiscoMT/FR/006_1950.mmax > conll/corpus/DiscoMT/FR/006_1950.conll
parcor-full/corpus/DiscoMT/FR/002_1825.mmax > conll/corpus/DiscoMT/FR/002_1825.conll
parcor-full/corpus/DiscoMT/FR/001_1819.mmax > conll/corpus/DiscoMT/FR/001_1819.conll
parcor-full/corpus/DiscoMT/DE/011_2053.mmax > conll/corpus/DiscoMT/DE/011_2053.conll
parcor-full/corpus/DiscoMT/DE/003_1894.mmax > conll/corpus/DiscoMT/DE/003_1894.conll
parcor-full/corpus/DiscoMT/DE/009_2043.mmax > conll/corpus/DiscoMT/DE/009_2043.conll
parcor-full/corpus/DiscoMT/DE/000_1756.mmax > conll/corpus/DiscoMT/DE/000_1756.conll
parcor-full/corpus/DiscoMT/DE/010_205.mmax > conll/corpus/DiscoMT/DE/010_205.conll
parcor-full/corpus/DiscoMT/DE/007_1953.mmax > conll/corpus/DiscoMT/DE/007_1953.conll
parcor-full/corpus/DiscoMT/DE/005_1938.mmax > conll/corpus/DiscoMT/DE/005_1938.conll
parcor-full/corpus/DiscoMT/DE/006_1950.mmax > conll/corpus/DiscoMT/DE/006_1950.conll
parcor-full/corpus/DiscoMT/DE/002_1825.mmax > conll/corpus/DiscoMT/DE/002_1825.conll
parcor-full/corpus/DiscoMT/DE/001_1819.mmax > conll/corpus/DiscoMT/DE/001_1819.conll
removing empty conll/corpus/TED/PT/010_837.conll
removing empty conll/corpus/news/PT/08.conll
removing empty conll/corpus/TED/PT/009_805.conll
conll/damaged/TED/EN/009_805.conll > conll/corpus/TED/EN/009_805.conll
conll/damaged/TED/DE/009_805.conll > conll/corpus/TED/DE/009_805.conll
# restructuring
# renaming
conll/corpus/DiscoMT/DE/000_1756.conll > conll/de/teddy-1322.conll
conll/corpus/DiscoMT/DE/001_1819.conll > conll/de/teddy-1293.conll
conll/corpus/DiscoMT/DE/002_1825.conll > conll/de/teddy-1469.conll
conll/corpus/DiscoMT/DE/003_1894.conll > conll/de/teddy-1323.conll
conll/corpus/DiscoMT/DE/005_1938.conll > conll/de/teddy-1558.conll
conll/corpus/DiscoMT/DE/006_1950.conll > conll/de/teddy-1319.conll
conll/corpus/DiscoMT/DE/007_1953.conll > conll/de/teddy-4467.conll
conll/corpus/DiscoMT/DE/009_2043.conll > conll/de/teddy-1755.conll
conll/corpus/DiscoMT/DE/010_205.conll > conll/de/teddy-693.conll
conll/corpus/DiscoMT/DE/011_2053.conll > conll/de/teddy-1671.conll
conll/corpus/DiscoMT/EN/000_1756.conll > conll/en/teddy-1322.conll
conll/corpus/DiscoMT/EN/001_1819.conll > conll/en/teddy-1293.conll
conll/corpus/DiscoMT/EN/002_1825.conll > conll/en/teddy-1469.conll
conll/corpus/DiscoMT/EN/003_1894.conll > conll/en/teddy-1323.conll
conll/corpus/DiscoMT/EN/005_1938.conll > conll/en/teddy-1558.conll
conll/corpus/DiscoMT/EN/006_1950.conll > conll/en/teddy-1319.conll
conll/corpus/DiscoMT/EN/007_1953.conll > conll/en/teddy-4467.conll
conll/corpus/DiscoMT/EN/009_2043.conll > conll/en/teddy-1755.conll
conll/corpus/DiscoMT/EN/010_205.conll > conll/en/teddy-693.conll
conll/corpus/DiscoMT/EN/011_2053.conll > conll/en/teddy-1671.conll
conll/corpus/DiscoMT/FR/000_1756.conll > conll/fr/teddy-1322.conll
conll/corpus/DiscoMT/FR/001_1819.conll > conll/fr/teddy-1293.conll
conll/corpus/DiscoMT/FR/002_1825.conll > conll/fr/teddy-1469.conll
conll/corpus/DiscoMT/FR/003_1894.conll > conll/fr/teddy-1323.conll
conll/corpus/DiscoMT/FR/005_1938.conll > conll/fr/teddy-1558.conll
conll/corpus/DiscoMT/FR/006_1950.conll > conll/fr/teddy-1319.conll
conll/corpus/DiscoMT/FR/007_1953.conll > conll/fr/teddy-4467.conll
conll/corpus/DiscoMT/FR/009_2043.conll > conll/fr/teddy-1755.conll
conll/corpus/DiscoMT/FR/010_205.conll > conll/fr/teddy-693.conll
conll/corpus/DiscoMT/FR/011_2053.conll > conll/fr/teddy-1671.conll
conll/corpus/news/DE/01.conll > conll/de/abcnews.199762.conll
conll/corpus/news/DE/03.conll > conll/de/an-online.de.224441.conll
conll/corpus/news/DE/04.conll > conll/de/ard.27823.conll
conll/corpus/news/DE/05.conll > conll/de/augsburger-allgemeine.de.44740.conll
conll/corpus/news/DE/07.conll > conll/de/bbc.242334.conll
conll/corpus/news/DE/08.conll > conll/de/bbc.242405.conll
conll/corpus/news/DE/09.conll > conll/de/bbc.242418.conll
conll/corpus/news/DE/10.conll > conll/de/bbc.242436.conll
conll/corpus/news/DE/13.conll > conll/de/bbc.242497.conll
conll/corpus/news/DE/16.conll > conll/de/braunschweiger-zeitung.de.48722.conll
conll/corpus/news/DE/17.conll > conll/de/brisbanetimes.com.au.130272.conll
conll/corpus/news/DE/18.conll > conll/de/cbsnews.146232.conll
conll/corpus/news/DE/19.conll > conll/de/cbsnews.146237.conll
conll/corpus/news/DE/20.conll > conll/de/cbsnews.146271.conll
conll/corpus/news/DE/21.conll > conll/de/cbsnews.146291.conll
conll/corpus/news/DE/22.conll > conll/de/cbsnews.146310.conll
conll/corpus/news/DE/23.conll > conll/de/cnn.167026.conll
conll/corpus/news/DE/24.conll > conll/de/dailymail.co.uk.170661.conll
conll/corpus/news/DE/25.conll > conll/de/dailymail.co.uk.170665.conll
conll/corpus/news/EN/01.conll > conll/en/abcnews.199762.conll
conll/corpus/news/EN/03.conll > conll/en/an-online.de.224441.conll
conll/corpus/news/EN/04.conll > conll/en/ard.27823.conll
conll/corpus/news/EN/05.conll > conll/en/augsburger-allgemeine.de.44740.conll
conll/corpus/news/EN/07.conll > conll/en/bbc.242334.conll
conll/corpus/news/EN/08.conll > conll/en/bbc.242405.conll
conll/corpus/news/EN/09.conll > conll/en/bbc.242418.conll
conll/corpus/news/EN/10.conll > conll/en/bbc.242436.conll
conll/corpus/news/EN/13.conll > conll/en/bbc.242497.conll
conll/corpus/news/EN/16.conll > conll/en/braunschweiger-zeitung.de.48722.conll
conll/corpus/news/EN/17.conll > conll/en/brisbanetimes.com.au.130272.conll
conll/corpus/news/EN/18.conll > conll/en/cbsnews.146232.conll
conll/corpus/news/EN/19.conll > conll/en/cbsnews.146237.conll
conll/corpus/news/EN/20.conll > conll/en/cbsnews.146271.conll
conll/corpus/news/EN/21.conll > conll/en/cbsnews.146291.conll
conll/corpus/news/EN/22.conll > conll/en/cbsnews.146310.conll
conll/corpus/news/EN/23.conll > conll/en/cnn.167026.conll
conll/corpus/news/EN/24.conll > conll/en/dailymail.co.uk.170661.conll
conll/corpus/news/EN/25.conll > conll/en/dailymail.co.uk.170665.conll
conll/corpus/news/PT/07.conll > conll/pt/bbc.242334.conll
conll/corpus/news/PT/09.conll > conll/pt/bbc.242418.conll
conll/corpus/news/PT/10.conll > conll/pt/bbc.242436.conll
conll/corpus/news/PT/13.conll > conll/pt/bbc.242497.conll
conll/corpus/news/PT/17.conll > conll/pt/brisbanetimes.com.au.130272.conll
conll/corpus/news/PT/19.conll > conll/pt/cbsnews.146237.conll
conll/corpus/news/PT/20.conll > conll/pt/cbsnews.146271.conll
conll/corpus/news/PT/21.conll > conll/pt/cbsnews.146291.conll
conll/corpus/news/PT/22.conll > conll/pt/cbsnews.146310.conll
conll/corpus/news/PT/23.conll > conll/pt/cnn.167026.conll
conll/corpus/news/PT/24.conll > conll/pt/dailymail.co.uk.170661.conll
conll/corpus/TED/DE/000_779.conll > conll/de/teddy-1030.conll
conll/corpus/TED/DE/001_769.conll > conll/de/teddy-1154.conll
conll/corpus/TED/DE/002_792.conll > conll/de/teddy-1132.conll
conll/corpus/TED/DE/003_799.conll > conll/de/teddy-1124.conll
conll/corpus/TED/DE/004_767.conll > conll/de/teddy-918.conll
conll/corpus/TED/DE/005_790.conll > conll/de/teddy-744.conll
conll/corpus/TED/DE/006_785.conll > conll/de/teddy-807.conll
conll/corpus/TED/DE/007_783.conll > conll/de/teddy-901.conll
conll/corpus/TED/DE/008_824.conll > conll/de/teddy-1325.conll
conll/corpus/TED/DE/009_805.conll > conll/de/teddy-953.conll
conll/corpus/TED/DE/010_837.conll > conll/de/teddy-1429.conll
conll/corpus/TED/EN/000_779.conll > conll/en/teddy-1030.conll
conll/corpus/TED/EN/001_769.conll > conll/en/teddy-1154.conll
conll/corpus/TED/EN/002_792.conll > conll/en/teddy-1132.conll
conll/corpus/TED/EN/003_799.conll > conll/en/teddy-1124.conll
conll/corpus/TED/EN/004_767.conll > conll/en/teddy-918.conll
conll/corpus/TED/EN/005_790.conll > conll/en/teddy-744.conll
conll/corpus/TED/EN/006_785.conll > conll/en/teddy-807.conll
conll/corpus/TED/EN/007_783.conll > conll/en/teddy-901.conll
conll/corpus/TED/EN/008_824.conll > conll/en/teddy-1325.conll
conll/corpus/TED/EN/009_805.conll > conll/en/teddy-953.conll
conll/corpus/TED/EN/010_837.conll > conll/en/teddy-1429.conll
conll/corpus/TED/FR/000_779.conll > conll/fr/teddy-1030.conll
conll/corpus/TED/FR/001_769.conll > conll/fr/teddy-1154.conll
conll/corpus/TED/FR/002_792.conll > conll/fr/teddy-1132.conll
conll/corpus/TED/FR/003_799.conll > conll/fr/teddy-1124.conll
conll/corpus/TED/FR/004_767.conll > conll/fr/teddy-918.conll
conll/corpus/TED/FR/005_790.conll > conll/fr/teddy-744.conll
conll/corpus/TED/FR/006_785.conll > conll/fr/teddy-807.conll
conll/corpus/TED/FR/007_783.conll > conll/fr/teddy-901.conll
conll/corpus/TED/FR/008_824.conll > conll/fr/teddy-1325.conll
conll/corpus/TED/FR/010_837.conll > conll/fr/teddy-1429.conll
conll/corpus/TED/PT/000_779.conll > conll/pt/teddy-1030.conll
conll/corpus/TED/PT/001_769.conll > conll/pt/teddy-1154.conll
conll/corpus/TED/PT/002_792.conll > conll/pt/teddy-1132.conll
conll/corpus/TED/PT/003_799.conll > conll/pt/teddy-1124.conll
conll/corpus/TED/PT/004_767.conll > conll/pt/teddy-918.conll
conll/corpus/TED/PT/005_790.conll > conll/pt/teddy-744.conll
conll/corpus/TED/PT/006_785.conll > conll/pt/teddy-807.conll
conll/corpus/TED/PT/007_783.conll > conll/pt/teddy-901.conll
conll/corpus/TED/PT/008_824.conll > conll/pt/teddy-1325.conll
