7:33


rhetorical questions are inherently referential discourse cataphors


PRED includes nominalized verbs, e.g., 
the best ESG performance

PRED: has the potential

"in the best interest of fund members"

CalPERS is the pension fund for ...

rhetorical questions can be ignored for adjacency in GH and CT annotations

CalPERS ... Why? They ...


generics can also be pronoun, e.g.

if you want to do [something] about that

*a lot of it* => generic, unless this particular lot is subsequently referred to


in case of obvious segmentation errors, work with the current segmentation, cf. line 1722

segmentation error, we operate with the current segmentation for CB assessment, but not for GH
, so in "U.S. That ...", that is ACTIVATED (not in-focus), but not CB

next that is thus GH ACTIVATED (not in-focus), but CB


working the hardest => PRED


interrupted 10:05
line 1775

continued 16:30

pronouns caqn be predicative:

it's ... *something* for virtuous consumers



generic includes cases without specific reference such as 

the odds that it 's not completely wrong are better than the odds that our house will burn down


IDIOM also for fixed expressions
the odds that our house will burn down (we don't actually expect anyone to provide numbers here)


GEN also for non-specific pronouns (unless referred to)

[T]he odds that it 's not completely wrong are better than the odds that ... we 'll get in a car accident. Well, maybe not if *you* live in Boston.


discourse cataphor can be group cataphors, then, write id>id1,id2 CAT


... we 're doing two things .

We're creating insurance ..., and at the same time ... we're not sacrificing performance.


skip excurses in CB calculation, e.g.

I can appreciate that there is estimation risk in this, but (...) the odds that it 's not completely wrong are better than the odds that our house will burn down or we 'll get in a car accident . Well, maybe not if you live in Boston. (Laughter) But my point is ...
 
question: exclude first- and second-person pronouns?


IDIOM: at the same time, in the short term (if referring to unspecified periods of time)


include parts of presentation, but exclude metadata

[ Man in comic :			# exclude

"What if it's a big hoax and we create a better world for nothing?" ] # include, because it is visible to the audience at this time and they react


annotate generic "we" as referring unless it clearly does not refer to (typical behaviour of) speaker plus audience

What if it's a big hoax and we create a better world for nothing?

GEN: incl. nothing


ACTIVATED: incl. visual presentations
[ Man in comic : -- # text = \"What if it's a big hoax and we create a better world for nothing?\"]
Good, you like it.

discussing direct speech:

[I]t reminds me of something Mark Twain said, which is, \"Plan for the future, because that's where you're going to spend the rest of your life.\"
you => audience: of course, Mark Twain cannot refer to the audience, but McKnett implies that by using that quote here.

so, if all other conditions are met, "you" can be in focus, activated or familiar and CB (if the other conditions are met)

CB:
in imperative mood, there is a subject argument inherent to the verb. however, we base ourselves to explicitly mentioned referents, so subjects of imperative clauses are not considered to be centers. [this may need to be revised]

"Plan for the future" 

17:24



