15:30

I would do *everything* => GEN

be *part* of a Sierra Leone => IDIOM

[M]any amputees in the country would not use their protheses ... [because] their prosthetic sockets were painful. The prosthetic socket is the part in which the amputee inserts their residual limb ...  
amputee(s) and socket(s) considered coreferential because they satisfy the substitution test

if sequences of generics satisfy the substition test, annotate them as coreferential, but as GEN


It does not matter how powerful your prosthetic ankle is.
=> "generic you"
in a sequence of generics, this can be substitutable with a definite description, e.g., "an amputees" or "amputees'" 

16:03, word 344

17:40

annotation of (near-) repeated events: only, if these are referred to as event anaphora:

... many of the amputees ... would not use their prostheses ...
If your prosthetic is uncomfortable, [you will not use your leg] ...
... how to solve [this problem] ... I would love to figure [it] out ...

note that the substitution test overgenerates:
residual limb ... the patient's [anatomy] ...
here, "anatomy" refers to a feature of the residual limb, it is thus contextually substitable, but conceptually different
we consider this as a pars-pro-toto reference, where the author tries to convey a message about the limb, and the text reflects this

18:05, word 500

"my hope is" ~ "I hope", i.e., predicative meaning, not referential, annotate as IDIOM (not an idiom in strict sense, but still)

CB: often, authors refer to themselves, but not as CB, but because they express subjective assessments, this requires a different handling in guidelines

18:33, word 690

06:27, word 690

first-person reference should be removed from CB salience ranking
merge other and clause

6:34, word 725
